2026-06-18 16:38:45 - Iniciando orçamento\n2026-06-18 16:38:45 - Valor: 90
2026-06-18 16:38:45 - Valor: 90
2026-06-18 16:38:45 - Preparando INSERT orcamentos
2026-06-18 16:38:45 - Statement preparado
2026-06-18 16:38:45 - INSERT orcamentos executado
2026-06-18 16:38:45 - Inserindo item: Produto 1 (qtd: 1)
2026-06-18 16:38:45 - Todos itens inseridos
2026-06-18 16:41:12 - Iniciando orçamento\n2026-06-18 16:41:12 - Valor: 180
2026-06-18 16:41:12 - Valor: 180
2026-06-18 16:41:12 - Preparando INSERT orcamentos
2026-06-18 16:41:12 - Statement preparado
2026-06-18 16:41:12 - INSERT orcamentos executado
2026-06-18 16:41:12 - Inserindo item: Produto 1 (qtd: 2)
2026-06-18 16:41:12 - Todos itens inseridos
2026-06-18 17:48:22 - Iniciando orçamento\n2026-06-18 17:48:22 - Valor: 180
2026-06-18 17:48:22 - Valor: 180
2026-06-18 17:48:22 - Preparando INSERT orcamentos
2026-06-18 17:48:22 - Statement preparado
2026-06-18 17:48:22 - INSERT orcamentos executado
2026-06-18 17:48:22 - Inserindo item: Produto 1 (qtd: 2)
2026-06-18 17:48:22 - Inserindo item: Aromatizador Concentrado Citronela 120ml – Coala (qtd: 1)
2026-06-18 17:48:22 - Inserindo item: Aromatizador Concentrado Lavanda 120ml – Coala (qtd: 1)
2026-06-18 17:48:22 - Inserindo item: Odorizador Air Fresh 300ml – Premisse (qtd: 1)
2026-06-18 17:48:22 - Todos itens inseridos
2026-06-19 12:48:20 - Iniciando orçamento\n2026-06-19 12:48:20 - Valor: 180
2026-06-19 12:48:20 - Valor: 180
2026-06-19 12:48:20 - Preparando INSERT orcamentos
2026-06-19 12:48:20 - Statement preparado
2026-06-19 12:48:20 - INSERT orcamentos executado
2026-06-19 12:48:20 - Inserindo item: Produto 1 (qtd: 2)
2026-06-19 12:48:20 - Inserindo item: Aromatizador Concentrado Citronela 120ml – Coala (qtd: 1)
2026-06-19 12:48:20 - Inserindo item: Aromatizador Concentrado Lavanda 120ml – Coala (qtd: 1)
2026-06-19 12:48:20 - Inserindo item: Odorizador Air Fresh 300ml – Premisse (qtd: 1)
2026-06-19 12:48:20 - Todos itens inseridos
